<?xml version="1.0" encoding="UTF-8"?>
<testng-results ignored="0" total="2" passed="2" failed="0" skipped="0">
  <reporter-output>
    <line>
      <![CDATA[Test case pass]]>
    </line>
    <line>
      <![CDATA[Form submition succesful]]>
    </line>
    <line>
      <![CDATA[Test case pass]]>
    </line>
    <line>
      <![CDATA[Form submition succesful]]>
    </line>
  </reporter-output>
  <suite started-at="2024-11-21T16:36:30 IST" name="Suite" finished-at="2024-11-21T16:37:43 IST" duration-ms="73097">
    <groups>
    </groups>
    <test started-at="2024-11-21T16:36:30 IST" name="crossbrowsertesting.xml" finished-at="2024-11-21T16:37:43 IST" duration-ms="73097">
      <class name="Internship.Edge_Browser">
        <test-method is-config="true" signature="openbrowser()[pri:0, instance:Internship.Edge_Browser@7bd4937b]" started-at="2024-11-21T16:36:30 IST" name="openbrowser" finished-at="2024-11-21T16:36:37 IST" duration-ms="6588" status="PASS">
          <reporter-output>
            <line>
              <![CDATA[Test case pass]]>
            </line>
          </reporter-output>
        </test-method> <!-- openbrowser -->
        <test-method signature="login()[pri:0, instance:Internship.Edge_Browser@7bd4937b]" started-at="2024-11-21T16:36:37 IST" name="login" finished-at="2024-11-21T16:37:11 IST" duration-ms="33721" status="PASS">
          <reporter-output>
          </reporter-output>
        </test-method> <!-- login -->
        <test-method is-config="true" signature="close()[pri:0, instance:Internship.Edge_Browser@7bd4937b]" started-at="2024-11-21T16:37:11 IST" name="close" finished-at="2024-11-21T16:37:11 IST" duration-ms="152" status="PASS">
          <reporter-output>
            <line>
              <![CDATA[Form submition succesful]]>
            </line>
          </reporter-output>
        </test-method> <!-- close -->
      </class> <!-- Internship.Edge_Browser -->
      <class name="Internship.Chrome_Browser">
        <test-method is-config="true" signature="openbrowser()[pri:0, instance:Internship.Chrome_Browser@201a4587]" started-at="2024-11-21T16:37:11 IST" name="openbrowser" finished-at="2024-11-21T16:37:16 IST" duration-ms="5174" status="PASS">
          <reporter-output>
            <line>
              <![CDATA[Test case pass]]>
            </line>
          </reporter-output>
        </test-method> <!-- openbrowser -->
        <test-method signature="login()[pri:0, instance:Internship.Chrome_Browser@201a4587]" started-at="2024-11-21T16:37:16 IST" name="login" finished-at="2024-11-21T16:37:43 IST" duration-ms="27353" status="PASS">
          <reporter-output>
          </reporter-output>
        </test-method> <!-- login -->
        <test-method is-config="true" signature="close()[pri:0, instance:Internship.Chrome_Browser@201a4587]" started-at="2024-11-21T16:37:43 IST" name="close" finished-at="2024-11-21T16:37:43 IST" duration-ms="84" status="PASS">
          <reporter-output>
            <line>
              <![CDATA[Form submition succesful]]>
            </line>
          </reporter-output>
        </test-method> <!-- close -->
      </class> <!-- Internship.Chrome_Browser -->
    </test> <!-- crossbrowsertesting.xml -->
  </suite> <!-- Suite -->
</testng-results>
